<?xml version="1.0" encoding="UTF-8"?>
<!-- Generated by org.testng.reporters.JUnitReportReporter -->
<testsuite hostname="DESKTOP-CTNIRRU" failures="0" tests="4" name="com.OrangeHRMTests.LeavePage" time="13.783" errors="0" timestamp="2024-05-04T10:04:22 IST" skipped="0">
  <testcase classname="com.OrangeHRMTests.LeavePage" name="leaveList" time="3.611"/>
  <testcase classname="com.OrangeHRMTests.LeavePage" name="AssignLeave" time="3.395"/>
  <testcase classname="com.OrangeHRMTests.LeavePage" name="timeSheet" time="3.393"/>
  <testcase classname="com.OrangeHRMTests.LeavePage" name="applyLeave" time="3.384"/>
</testsuite> <!-- com.OrangeHRMTests.LeavePage -->
