<?xml version="1.0" encoding="UTF-8"?>
<!-- Generated by org.testng.reporters.JUnitReportReporter -->
<testsuite hostname="DESKTOP-CTNIRRU" failures="0" tests="6" name="com.OrangeHRMTests.DashBoardQuickLaunch" time="16.460" errors="0" timestamp="2024-05-05T09:51:54 IST" skipped="0">
  <testcase classname="com.OrangeHRMTests.DashBoardQuickLaunch" name="timeSheet" time="3.032"/>
  <testcase classname="com.OrangeHRMTests.DashBoardQuickLaunch" name="AssignLeave" time="2.229"/>
  <testcase classname="com.OrangeHRMTests.DashBoardQuickLaunch" name="applyLeave" time="2.932"/>
  <testcase classname="com.OrangeHRMTests.DashBoardQuickLaunch" name="leaveList" time="2.783"/>
  <testcase classname="com.OrangeHRMTests.DashBoardQuickLaunch" name="myLeave" time="2.555"/>
  <testcase classname="com.OrangeHRMTests.DashBoardQuickLaunch" name="myTimeSheet" time="2.929"/>
</testsuite> <!-- com.OrangeHRMTests.DashBoardQuickLaunch -->
