<?xml version="1.0" encoding="UTF-8"?>
<!-- Generated by org.testng.reporters.JUnitReportReporter -->
<testsuite hostname="DESKTOP-CTNIRRU" failures="0" tests="1" name="genericUtil.PropertyFileLearn" time="0.020" errors="0" timestamp="2024-05-04T10:12:56 IST" skipped="0">
  <testcase classname="genericUtil.PropertyFileLearn" name="readData" time="0.020"/>
</testsuite> <!-- genericUtil.PropertyFileLearn -->
