<?xml version="1.0" encoding="UTF-8"?>
<!-- Generated by org.testng.reporters.JUnitReportReporter -->
<testsuite hostname="DESKTOP-CTNIRRU" failures="0" tests="6" name="com.OrangeHRMTests.DashBoardQuickLaunch2" time="18.357" errors="0" timestamp="2024-05-04T08:28:57 IST" skipped="0">
  <testcase classname="com.OrangeHRMTests.DashBoardQuickLaunch2" name="leaveList" time="3.302"/>
  <testcase classname="com.OrangeHRMTests.DashBoardQuickLaunch2" name="applyLeave" time="2.909"/>
  <testcase classname="com.OrangeHRMTests.DashBoardQuickLaunch2" name="myLeave" time="3.312"/>
  <testcase classname="com.OrangeHRMTests.DashBoardQuickLaunch2" name="AssignLeave" time="2.516"/>
  <testcase classname="com.OrangeHRMTests.DashBoardQuickLaunch2" name="timeSheet" time="3.203"/>
  <testcase classname="com.OrangeHRMTests.DashBoardQuickLaunch2" name="myTimeSheet" time="3.115"/>
</testsuite> <!-- com.OrangeHRMTests.DashBoardQuickLaunch2 -->
