<?xml version="1.0" encoding="UTF-8"?>
<!-- Generated by org.testng.reporters.JUnitReportReporter -->
<testsuite hostname="DESKTOP-CTNIRRU" failures="0" tests="5" name="basic.TestNGScript" time="0.025" errors="0" timestamp="2024-05-04T08:28:57 IST" skipped="0">
  <testcase classname="basic.TestNGScript" name="hellloTest2" time="0.012"/>
  <testcase classname="basic.TestNGScript" name="hellloTest" time="0.005"/>
  <testcase classname="basic.TestNGScript" name="hellloTest1" time="0.003"/>
  <testcase classname="basic.TestNGScript" name="hellloTest1" time="0.002"/>
  <testcase classname="basic.TestNGScript" name="hellloTest1" time="0.003"/>
</testsuite> <!-- basic.TestNGScript -->
